-------------------------------------------------------------------------------
Test set: com.demo.Jenkins_demo.TestNumber
-------------------------------------------------------------------------------
Tests run: 1, Failures: 1, Errors: 0, Skipped: 0, Time elapsed: 0.003 sec <<< FAILURE!
com.demo.Jenkins_demo.TestNumber.testFirstOne()  Time elapsed: 0.002 sec  <<< FAILURE!
java.lang.Error: Unresolved compilation problem: 
	Test cannot be resolved to a type
	at com.demo.Jenkins_demo.TestNumber.testFirstOne(TestNumber.java:15)

